{
  "0 debug pnpm:scope": {
    "selected": 1
  },
  "1 error pnpm": {
    "errno": 1,
    "code": "ELIFECYCLE",
    "pkgid": "sveltekit-slides@0.0.1",
    "stage": "clean",
    "script": "rm -rf node_modules && npm install -f",
    "pkgname": "sveltekit-slides",
    "err": {
      "name": "pnpm",
      "message": "sveltekit-slides@0.0.1 clean: `rm -rf node_modules && npm install -f`\nExit status 1",
      "code": "ELIFECYCLE",
      "stack": "pnpm: sveltekit-slides@0.0.1 clean: `rm -rf node_modules && npm install -f`\nExit status 1\n    at EventEmitter.<anonymous> (/Users/sutindev/.nvm/versions/node/v16.10.0/pnpm-global/5/node_modules/.pnpm/pnpm@7.0.1/node_modules/pnpm/dist/pnpm.cjs:106731:20)\n    at EventEmitter.emit (node:events:390:28)\n    at ChildProcess.<anonymous> (/Users/sutindev/.nvm/versions/node/v16.10.0/pnpm-global/5/node_modules/.pnpm/pnpm@7.0.1/node_modules/pnpm/dist/pnpm.cjs:93300:18)\n    at ChildProcess.emit (node:events:390:28)\n    at maybeClose (node:internal/child_process:1064:16)\n    at Process.ChildProcess._handle.onexit (node:internal/child_process:301:5)"
    }
  },
  "2 warn pnpm:global": " Local package.json exists, but node_modules missing, did you mean to install?"
}